Build started 2022/06/18 01:06:33.
Logging verbosity is set to: Normal.     1>Project "D:\Program Junkyard\Game\Chess\Chess\Chess.vcxproj" on node 2 (Build target(s)).
     1>InitializeBuildStatus:
         Creating "x64\Debug\Chess.tlog\unsuccessfulbuild" because "AlwaysCreate" was specified.
       AddCudaCompileDeps:
       Skipping target "AddCudaCompileDeps" because all output files are up-to-date with respect to the input files.
       AddCudaCompileDeps:
       Skipping target "AddCudaCompileDeps" because all output files are up-to-date with respect to the input files.
       AddCudaCompileDeps:
         C:\Program Files\Microsoft Visual Studio\2022\Community\VC\Tools\MSVC\14.32.31326\bin\HostX64\x64\cl.exe /E /nologo /showIncludes /TP /D__CUDACC__ /D__CUDACC_VER_MAJOR__=11 /D__CUDACC_VER_MINOR__=6 /DWIN32 /DWIN64 /D_DEBUG /D_CONSOLE /D_MBCS /I"C:\Program Files\NVIDIA GPU Computing Toolkit\CUDA\v11.6\include" /I"C:\Program Files\NVIDIA GPU Computing Toolkit\CUDA\v11.6\bin" /I"C:\Program Files\NVIDIA GPU Computing Toolkit\CUDA\v11.6\include" /I. /FIcuda_runtime.h /c "D:\Program Junkyard\Game\Chess\Chess\chess.cu" 
       AddCudaCompilePropsDeps:
       Skipping target "AddCudaCompilePropsDeps" because all output files are up-to-date with respect to the input files.
       AddCudaCompilePropsDeps:
       Skipping target "AddCudaCompilePropsDeps" because all output files are up-to-date with respect to the input files.
       AddCudaCompilePropsDeps:
       Skipping target "AddCudaCompilePropsDeps" because all output files are up-to-date with respect to the input files.
     1>Project "D:\Program Junkyard\Game\Chess\Chess\Chess.vcxproj" (1) is building "D:\Program Junkyard\Game\Chess\Chess\Chess.vcxproj" (1:2) on node 2 (CudaBuildCore target(s)).
     1>CudaBuildCore:
       Skipping target "CudaBuildCore" because all output files are up-to-date with respect to the input files.
     1>Done Building Project "D:\Program Junkyard\Game\Chess\Chess\Chess.vcxproj" (CudaBuildCore target(s)).
     1>Project "D:\Program Junkyard\Game\Chess\Chess\Chess.vcxproj" (1) is building "D:\Program Junkyard\Game\Chess\Chess\Chess.vcxproj" (1:3) on node 1 (CudaBuildCore target(s)).
     1>CudaBuildCore:
       Skipping target "CudaBuildCore" because all output files are up-to-date with respect to the input files.
     1>Done Building Project "D:\Program Junkyard\Game\Chess\Chess\Chess.vcxproj" (CudaBuildCore target(s)).
     1>Project "D:\Program Junkyard\Game\Chess\Chess\Chess.vcxproj" (1) is building "D:\Program Junkyard\Game\Chess\Chess\Chess.vcxproj" (1:4) on node 3 (CudaBuildCore target(s)).
     1>CudaBuildCore:
         Compiling CUDA source file chess.cu...
         cmd.exe /C "C:\Users\migat\AppData\Local\Temp\tmpaf9e7c0d40db40dbb4c3732a8d385d7f.cmd"
         "C:\Program Files\NVIDIA GPU Computing Toolkit\CUDA\v11.6\bin\nvcc.exe" -gencode=arch=compute_52,code=\"sm_52,compute_52\" --use-local-env -ccbin "C:\Program Files\Microsoft Visual Studio\2022\Community\VC\Tools\MSVC\14.32.31326\bin\HostX64\x64" -x cu   -I"C:\Program Files\NVIDIA GPU Computing Toolkit\CUDA\v11.6\include" -I"C:\Program Files\NVIDIA GPU Computing Toolkit\CUDA\v11.6\include"  -G   --keep-dir x64\Debug  -maxrregcount=0  --machine 64 --compile -cudart static  -g  -DWIN32 -DWIN64 -D_DEBUG -D_CONSOLE -D_MBCS -Xcompiler "/EHsc /W3 /nologo /Od /Fdx64\Debug\vc143.pdb /FS /Zi /RTC1 /MDd " -o "D:\Program Junkyard\Game\Chess\Chess\x64\Debug\chess.cu.obj" "D:\Program Junkyard\Game\Chess\Chess\chess.cu"
         
         D:\Program Junkyard\Game\Chess\Chess>"C:\Program Files\NVIDIA GPU Computing Toolkit\CUDA\v11.6\bin\nvcc.exe" -gencode=arch=compute_52,code=\"sm_52,compute_52\" --use-local-env -ccbin "C:\Program Files\Microsoft Visual Studio\2022\Community\VC\Tools\MSVC\14.32.31326\bin\HostX64\x64" -x cu   -I"C:\Program Files\NVIDIA GPU Computing Toolkit\CUDA\v11.6\include" -I"C:\Program Files\NVIDIA GPU Computing Toolkit\CUDA\v11.6\include"  -G   --keep-dir x64\Debug  -maxrregcount=0  --machine 64 --compile -cudart static  -g  -DWIN32 -DWIN64 -D_DEBUG -D_CONSOLE -D_MBCS -Xcompiler "/EHsc /W3 /nologo /Od /Fdx64\Debug\vc143.pdb /FS /Zi /RTC1 /MDd " -o "D:\Program Junkyard\Game\Chess\Chess\x64\Debug\chess.cu.obj" "D:\Program Junkyard\Game\Chess\Chess\chess.cu" 
     1>D:\Program Junkyard\Game\Chess\Chess\chess.cu(677): warning #550-D: variable "lPieceValues" was set but never used
         
         chess.cu
     1>D:\Program Junkyard\Game\Chess\Chess\chess.cu(544): warning C4244: '=': conversion from '__int64' to 'int', possible loss of data
     1>D:\Program Junkyard\Game\Chess\Chess\chess.cu(761): warning C4244: '=': conversion from '__int64' to 'int', possible loss of data
     1>Done Building Project "D:\Program Junkyard\Game\Chess\Chess\Chess.vcxproj" (CudaBuildCore target(s)).
     1>Link:
         C:\Program Files\Microsoft Visual Studio\2022\Community\VC\Tools\MSVC\14.32.31326\bin\HostX64\x64\link.exe /ERRORREPORT:PROMPT /OUT:"D:\Program Junkyard\Game\Chess\x64\Debug\Chess.exe" /INCREMENTAL /ILK:"x64\Debug\Chess.ilk" /NOLOGO /LIBPATH:"C:\Program Files\NVIDIA GPU Computing Toolkit\CUDA\v11.6\lib\x64" cudart_static.lib kernel32.lib user32.lib gdi32.lib winspool.lib comdlg32.lib advapi32.lib shell32.lib ole32.lib oleaut32.lib uuid.lib odbc32.lib odbccp32.lib kernel32.lib user32.lib gdi32.lib winspool.lib comdlg32.lib advapi32.lib shell32.lib ole32.lib oleaut32.lib uuid.lib odbc32.lib odbccp32.lib cudart.lib cudadevrt.lib /MANIFEST /MANIFESTUAC:"level='asInvoker' uiAccess='false'" /manifest:embed /DEBUG /PDB:"D:\Program Junkyard\Game\Chess\x64\Debug\Chess.pdb" /SUBSYSTEM:CONSOLE /TLBID:1 /DYNAMICBASE /NXCOMPAT /IMPLIB:"D:\Program Junkyard\Game\Chess\x64\Debug\Chess.lib" /MACHINE:X64 "D:\Program Junkyard\Game\Chess\Chess\x64\Debug\board.cu.obj"
         "D:\Program Junkyard\Game\Chess\Chess\x64\Debug\state.cu.obj"
         "D:\Program Junkyard\Game\Chess\Chess\x64\Debug\chess.cu.obj"
         Chess.vcxproj -> D:\Program Junkyard\Game\Chess\x64\Debug\Chess.exe
       FinalizeBuildStatus:
         Deleting file "x64\Debug\Chess.tlog\unsuccessfulbuild".
         Touching "x64\Debug\Chess.tlog\Chess.lastbuildstate".
     1>Done Building Project "D:\Program Junkyard\Game\Chess\Chess\Chess.vcxproj" (Build target(s)).

Build succeeded.

       "D:\Program Junkyard\Game\Chess\Chess\Chess.vcxproj" (Build target) (1) ->
       "D:\Program Junkyard\Game\Chess\Chess\Chess.vcxproj" (CudaBuildCore target) (1:4) ->
       (CudaBuildCore target) -> 
         D:\Program Junkyard\Game\Chess\Chess\chess.cu(677): warning #550-D: variable "lPieceValues" was set but never used
         D:\Program Junkyard\Game\Chess\Chess\chess.cu(544): warning C4244: '=': conversion from '__int64' to 'int', possible loss of data
         D:\Program Junkyard\Game\Chess\Chess\chess.cu(761): warning C4244: '=': conversion from '__int64' to 'int', possible loss of data

    3 Warning(s)
    0 Error(s)

Time Elapsed 00:00:10.90
