Build started 2022/06/22 01:36:34.
Logging verbosity is set to: Normal.     1>Project "D:\Program Junkyard\Game\Chess\Chess\Chess.vcxproj" on node 2 (Build target(s)).
     1>InitializeBuildStatus:
         Creating "x64\Debug\Chess.tlog\unsuccessfulbuild" because "AlwaysCreate" was specified.
       AddCudaCompileDeps:
       Skipping target "AddCudaCompileDeps" because all output files are up-to-date with respect to the input files.
       AddCudaCompileDeps:
       Skipping target "AddCudaCompileDeps" because all output files are up-to-date with respect to the input files.
       AddCudaCompileDeps:
         C:\Program Files\Microsoft Visual Studio\2022\Community\VC\Tools\MSVC\14.32.31326\bin\HostX64\x64\cl.exe /E /nologo /showIncludes /TP /D__CUDACC__ /D__CUDACC_VER_MAJOR__=11 /D__CUDACC_VER_MINOR__=6 /DWIN32 /DWIN64 /D_DEBUG /D_CONSOLE /D_MBCS /I"C:\Program Files\NVIDIA GPU Computing Toolkit\CUDA\v11.6\include" /I"C:\Program Files\NVIDIA GPU Computing Toolkit\CUDA\v11.6\bin" /I"C:\Program Files\NVIDIA GPU Computing Toolkit\CUDA\v11.6\include" /I. /FIcuda_runtime.h /c "D:\Program Junkyard\Game\Chess\Chess\chess.cu" 
       AddCudaCompilePropsDeps:
       Skipping target "AddCudaCompilePropsDeps" because all output files are up-to-date with respect to the input files.
       AddCudaCompilePropsDeps:
       Skipping target "AddCudaCompilePropsDeps" because all output files are up-to-date with respect to the input files.
       AddCudaCompilePropsDeps:
       Skipping target "AddCudaCompilePropsDeps" because all output files are up-to-date with respect to the input files.
     1>Project "D:\Program Junkyard\Game\Chess\Chess\Chess.vcxproj" (1) is building "D:\Program Junkyard\Game\Chess\Chess\Chess.vcxproj" (1:2) on node 2 (CudaBuildCore target(s)).
     1>CudaBuildCore:
       Skipping target "CudaBuildCore" because all output files are up-to-date with respect to the input files.
     1>Done Building Project "D:\Program Junkyard\Game\Chess\Chess\Chess.vcxproj" (CudaBuildCore target(s)).
     1>Project "D:\Program Junkyard\Game\Chess\Chess\Chess.vcxproj" (1) is building "D:\Program Junkyard\Game\Chess\Chess\Chess.vcxproj" (1:3) on node 1 (CudaBuildCore target(s)).
     1>CudaBuildCore:
       Skipping target "CudaBuildCore" because all output files are up-to-date with respect to the input files.
     1>Done Building Project "D:\Program Junkyard\Game\Chess\Chess\Chess.vcxproj" (CudaBuildCore target(s)).
     1>Project "D:\Program Junkyard\Game\Chess\Chess\Chess.vcxproj" (1) is building "D:\Program Junkyard\Game\Chess\Chess\Chess.vcxproj" (1:4) on node 3 (CudaBuildCore target(s)).
     1>CudaBuildCore:
         Compiling CUDA source file chess.cu...
         cmd.exe /C "C:\Users\migat\AppData\Local\Temp\tmp1c8ca3f6659049a383667ec2f6d256f9.cmd"
         "C:\Program Files\NVIDIA GPU Computing Toolkit\CUDA\v11.6\bin\nvcc.exe" -gencode=arch=compute_52,code=\"sm_52,compute_52\" --use-local-env -ccbin "C:\Program Files\Microsoft Visual Studio\2022\Community\VC\Tools\MSVC\14.32.31326\bin\HostX64\x64" -x cu -rdc=true  -I"C:\Program Files\NVIDIA GPU Computing Toolkit\CUDA\v11.6\include" -I"C:\Program Files\NVIDIA GPU Computing Toolkit\CUDA\v11.6\include"  -G   --keep-dir x64\Debug  -maxrregcount=0  --machine 64 --compile -cudart static  -g  -DWIN32 -DWIN64 -D_DEBUG -D_CONSOLE -D_MBCS -Xcompiler "/EHsc /W3 /nologo /Od /Fdx64\Debug\vc143.pdb /FS /Zi /RTC1 /MDd " -o "D:\Program Junkyard\Game\Chess\Chess\x64\Debug\chess.cu.obj" "D:\Program Junkyard\Game\Chess\Chess\chess.cu"
         
         D:\Program Junkyard\Game\Chess\Chess>"C:\Program Files\NVIDIA GPU Computing Toolkit\CUDA\v11.6\bin\nvcc.exe" -gencode=arch=compute_52,code=\"sm_52,compute_52\" --use-local-env -ccbin "C:\Program Files\Microsoft Visual Studio\2022\Community\VC\Tools\MSVC\14.32.31326\bin\HostX64\x64" -x cu -rdc=true  -I"C:\Program Files\NVIDIA GPU Computing Toolkit\CUDA\v11.6\include" -I"C:\Program Files\NVIDIA GPU Computing Toolkit\CUDA\v11.6\include"  -G   --keep-dir x64\Debug  -maxrregcount=0  --machine 64 --compile -cudart static  -g  -DWIN32 -DWIN64 -D_DEBUG -D_CONSOLE -D_MBCS -Xcompiler "/EHsc /W3 /nologo /Od /Fdx64\Debug\vc143.pdb /FS /Zi /RTC1 /MDd " -o "D:\Program Junkyard\Game\Chess\Chess\x64\Debug\chess.cu.obj" "D:\Program Junkyard\Game\Chess\Chess\chess.cu" 
     1>D:\Program Junkyard\Game\Chess\Chess\chess.cu(283): warning #2464-D: conversion from a string literal to "char *" is deprecated
         
     1>D:\Program Junkyard\Game\Chess\Chess\chess.cu(283): warning #2464-D: conversion from a string literal to "char *" is deprecated
         
     1>D:\Program Junkyard\Game\Chess\Chess\chess.cu(283): warning #2464-D: conversion from a string literal to "char *" is deprecated
         
     1>D:\Program Junkyard\Game\Chess\Chess\chess.cu(283): warning #2464-D: conversion from a string literal to "char *" is deprecated
         
     1>D:\Program Junkyard\Game\Chess\Chess\chess.cu(283): warning #2464-D: conversion from a string literal to "char *" is deprecated
         
     1>D:\Program Junkyard\Game\Chess\Chess\chess.cu(283): warning #2464-D: conversion from a string literal to "char *" is deprecated
         
     1>D:\Program Junkyard\Game\Chess\Chess\chess.cu(283): warning #2464-D: conversion from a string literal to "char *" is deprecated
         
     1>D:\Program Junkyard\Game\Chess\Chess\chess.cu(283): warning #2464-D: conversion from a string literal to "char *" is deprecated
         
     1>D:\Program Junkyard\Game\Chess\Chess\chess.cu(284): warning #2464-D: conversion from a string literal to "char *" is deprecated
         
     1>D:\Program Junkyard\Game\Chess\Chess\chess.cu(284): warning #2464-D: conversion from a string literal to "char *" is deprecated
         
     1>D:\Program Junkyard\Game\Chess\Chess\chess.cu(284): warning #2464-D: conversion from a string literal to "char *" is deprecated
         
     1>D:\Program Junkyard\Game\Chess\Chess\chess.cu(284): warning #2464-D: conversion from a string literal to "char *" is deprecated
         
     1>D:\Program Junkyard\Game\Chess\Chess\chess.cu(284): warning #2464-D: conversion from a string literal to "char *" is deprecated
         
     1>D:\Program Junkyard\Game\Chess\Chess\chess.cu(284): warning #2464-D: conversion from a string literal to "char *" is deprecated
         
     1>D:\Program Junkyard\Game\Chess\Chess\chess.cu(284): warning #2464-D: conversion from a string literal to "char *" is deprecated
         
     1>D:\Program Junkyard\Game\Chess\Chess\chess.cu(284): warning #2464-D: conversion from a string literal to "char *" is deprecated
         
     1>D:\Program Junkyard\Game\Chess\Chess\chess.cu(285): warning #2464-D: conversion from a string literal to "char *" is deprecated
         
     1>D:\Program Junkyard\Game\Chess\Chess\chess.cu(285): warning #2464-D: conversion from a string literal to "char *" is deprecated
         
     1>D:\Program Junkyard\Game\Chess\Chess\chess.cu(285): warning #2464-D: conversion from a string literal to "char *" is deprecated
         
     1>D:\Program Junkyard\Game\Chess\Chess\chess.cu(285): warning #2464-D: conversion from a string literal to "char *" is deprecated
         
     1>D:\Program Junkyard\Game\Chess\Chess\chess.cu(285): warning #2464-D: conversion from a string literal to "char *" is deprecated
         
     1>D:\Program Junkyard\Game\Chess\Chess\chess.cu(285): warning #2464-D: conversion from a string literal to "char *" is deprecated
         
     1>D:\Program Junkyard\Game\Chess\Chess\chess.cu(285): warning #2464-D: conversion from a string literal to "char *" is deprecated
         
     1>D:\Program Junkyard\Game\Chess\Chess\chess.cu(285): warning #2464-D: conversion from a string literal to "char *" is deprecated
         
     1>D:\Program Junkyard\Game\Chess\Chess\chess.cu(286): warning #2464-D: conversion from a string literal to "char *" is deprecated
         
     1>D:\Program Junkyard\Game\Chess\Chess\chess.cu(286): warning #2464-D: conversion from a string literal to "char *" is deprecated
         
     1>D:\Program Junkyard\Game\Chess\Chess\chess.cu(286): warning #2464-D: conversion from a string literal to "char *" is deprecated
         
     1>D:\Program Junkyard\Game\Chess\Chess\chess.cu(286): warning #2464-D: conversion from a string literal to "char *" is deprecated
         
     1>D:\Program Junkyard\Game\Chess\Chess\chess.cu(286): warning #2464-D: conversion from a string literal to "char *" is deprecated
         
     1>D:\Program Junkyard\Game\Chess\Chess\chess.cu(286): warning #2464-D: conversion from a string literal to "char *" is deprecated
         
     1>D:\Program Junkyard\Game\Chess\Chess\chess.cu(286): warning #2464-D: conversion from a string literal to "char *" is deprecated
         
     1>D:\Program Junkyard\Game\Chess\Chess\chess.cu(286): warning #2464-D: conversion from a string literal to "char *" is deprecated
         
     1>D:\Program Junkyard\Game\Chess\Chess\chess.cu(287): warning #2464-D: conversion from a string literal to "char *" is deprecated
         
     1>D:\Program Junkyard\Game\Chess\Chess\chess.cu(287): warning #2464-D: conversion from a string literal to "char *" is deprecated
         
     1>D:\Program Junkyard\Game\Chess\Chess\chess.cu(287): warning #2464-D: conversion from a string literal to "char *" is deprecated
         
     1>D:\Program Junkyard\Game\Chess\Chess\chess.cu(287): warning #2464-D: conversion from a string literal to "char *" is deprecated
         
     1>D:\Program Junkyard\Game\Chess\Chess\chess.cu(287): warning #2464-D: conversion from a string literal to "char *" is deprecated
         
     1>D:\Program Junkyard\Game\Chess\Chess\chess.cu(287): warning #2464-D: conversion from a string literal to "char *" is deprecated
         
     1>D:\Program Junkyard\Game\Chess\Chess\chess.cu(287): warning #2464-D: conversion from a string literal to "char *" is deprecated
         
     1>D:\Program Junkyard\Game\Chess\Chess\chess.cu(287): warning #2464-D: conversion from a string literal to "char *" is deprecated
         
     1>D:\Program Junkyard\Game\Chess\Chess\chess.cu(288): warning #2464-D: conversion from a string literal to "char *" is deprecated
         
     1>D:\Program Junkyard\Game\Chess\Chess\chess.cu(288): warning #2464-D: conversion from a string literal to "char *" is deprecated
         
     1>D:\Program Junkyard\Game\Chess\Chess\chess.cu(288): warning #2464-D: conversion from a string literal to "char *" is deprecated
         
     1>D:\Program Junkyard\Game\Chess\Chess\chess.cu(288): warning #2464-D: conversion from a string literal to "char *" is deprecated
         
     1>D:\Program Junkyard\Game\Chess\Chess\chess.cu(288): warning #2464-D: conversion from a string literal to "char *" is deprecated
         
     1>D:\Program Junkyard\Game\Chess\Chess\chess.cu(288): warning #2464-D: conversion from a string literal to "char *" is deprecated
         
     1>D:\Program Junkyard\Game\Chess\Chess\chess.cu(288): warning #2464-D: conversion from a string literal to "char *" is deprecated
         
     1>D:\Program Junkyard\Game\Chess\Chess\chess.cu(288): warning #2464-D: conversion from a string literal to "char *" is deprecated
         
     1>D:\Program Junkyard\Game\Chess\Chess\chess.cu(289): warning #2464-D: conversion from a string literal to "char *" is deprecated
         
     1>D:\Program Junkyard\Game\Chess\Chess\chess.cu(289): warning #2464-D: conversion from a string literal to "char *" is deprecated
         
     1>D:\Program Junkyard\Game\Chess\Chess\chess.cu(289): warning #2464-D: conversion from a string literal to "char *" is deprecated
         
     1>D:\Program Junkyard\Game\Chess\Chess\chess.cu(289): warning #2464-D: conversion from a string literal to "char *" is deprecated
         
     1>D:\Program Junkyard\Game\Chess\Chess\chess.cu(289): warning #2464-D: conversion from a string literal to "char *" is deprecated
         
     1>D:\Program Junkyard\Game\Chess\Chess\chess.cu(289): warning #2464-D: conversion from a string literal to "char *" is deprecated
         
     1>D:\Program Junkyard\Game\Chess\Chess\chess.cu(289): warning #2464-D: conversion from a string literal to "char *" is deprecated
         
     1>D:\Program Junkyard\Game\Chess\Chess\chess.cu(289): warning #2464-D: conversion from a string literal to "char *" is deprecated
         
     1>D:\Program Junkyard\Game\Chess\Chess\chess.cu(290): warning #2464-D: conversion from a string literal to "char *" is deprecated
         
     1>D:\Program Junkyard\Game\Chess\Chess\chess.cu(290): warning #2464-D: conversion from a string literal to "char *" is deprecated
         
     1>D:\Program Junkyard\Game\Chess\Chess\chess.cu(290): warning #2464-D: conversion from a string literal to "char *" is deprecated
         
     1>D:\Program Junkyard\Game\Chess\Chess\chess.cu(290): warning #2464-D: conversion from a string literal to "char *" is deprecated
         
     1>D:\Program Junkyard\Game\Chess\Chess\chess.cu(290): warning #2464-D: conversion from a string literal to "char *" is deprecated
         
     1>D:\Program Junkyard\Game\Chess\Chess\chess.cu(290): warning #2464-D: conversion from a string literal to "char *" is deprecated
         
     1>D:\Program Junkyard\Game\Chess\Chess\chess.cu(290): warning #2464-D: conversion from a string literal to "char *" is deprecated
         
     1>D:\Program Junkyard\Game\Chess\Chess\chess.cu(290): warning #2464-D: conversion from a string literal to "char *" is deprecated
         
     1>D:\Program Junkyard\Game\Chess\Chess\chess.cu(906): warning #550-D: variable "lPieceValues" was set but never used
         
     1>D:\Program Junkyard\Game\Chess\Chess\chess.cu(932): warning #550-D: variable "lPieceValues" was set but never used
         
     1>D:\Program Junkyard\Game\Chess\Chess\chess.cu(283): warning #2464-D: conversion from a string literal to "char *" is deprecated
         
     1>D:\Program Junkyard\Game\Chess\Chess\chess.cu(283): warning #2464-D: conversion from a string literal to "char *" is deprecated
         
     1>D:\Program Junkyard\Game\Chess\Chess\chess.cu(283): warning #2464-D: conversion from a string literal to "char *" is deprecated
         
     1>D:\Program Junkyard\Game\Chess\Chess\chess.cu(283): warning #2464-D: conversion from a string literal to "char *" is deprecated
         
     1>D:\Program Junkyard\Game\Chess\Chess\chess.cu(283): warning #2464-D: conversion from a string literal to "char *" is deprecated
         
     1>D:\Program Junkyard\Game\Chess\Chess\chess.cu(283): warning #2464-D: conversion from a string literal to "char *" is deprecated
         
     1>D:\Program Junkyard\Game\Chess\Chess\chess.cu(283): warning #2464-D: conversion from a string literal to "char *" is deprecated
         
     1>D:\Program Junkyard\Game\Chess\Chess\chess.cu(283): warning #2464-D: conversion from a string literal to "char *" is deprecated
         
     1>D:\Program Junkyard\Game\Chess\Chess\chess.cu(284): warning #2464-D: conversion from a string literal to "char *" is deprecated
         
     1>D:\Program Junkyard\Game\Chess\Chess\chess.cu(284): warning #2464-D: conversion from a string literal to "char *" is deprecated
         
     1>D:\Program Junkyard\Game\Chess\Chess\chess.cu(284): warning #2464-D: conversion from a string literal to "char *" is deprecated
         
     1>D:\Program Junkyard\Game\Chess\Chess\chess.cu(284): warning #2464-D: conversion from a string literal to "char *" is deprecated
         
     1>D:\Program Junkyard\Game\Chess\Chess\chess.cu(284): warning #2464-D: conversion from a string literal to "char *" is deprecated
         
     1>D:\Program Junkyard\Game\Chess\Chess\chess.cu(284): warning #2464-D: conversion from a string literal to "char *" is deprecated
         
     1>D:\Program Junkyard\Game\Chess\Chess\chess.cu(284): warning #2464-D: conversion from a string literal to "char *" is deprecated
         
     1>D:\Program Junkyard\Game\Chess\Chess\chess.cu(284): warning #2464-D: conversion from a string literal to "char *" is deprecated
         
     1>D:\Program Junkyard\Game\Chess\Chess\chess.cu(285): warning #2464-D: conversion from a string literal to "char *" is deprecated
         
     1>D:\Program Junkyard\Game\Chess\Chess\chess.cu(285): warning #2464-D: conversion from a string literal to "char *" is deprecated
         
     1>D:\Program Junkyard\Game\Chess\Chess\chess.cu(285): warning #2464-D: conversion from a string literal to "char *" is deprecated
         
     1>D:\Program Junkyard\Game\Chess\Chess\chess.cu(285): warning #2464-D: conversion from a string literal to "char *" is deprecated
         
     1>D:\Program Junkyard\Game\Chess\Chess\chess.cu(285): warning #2464-D: conversion from a string literal to "char *" is deprecated
         
     1>D:\Program Junkyard\Game\Chess\Chess\chess.cu(285): warning #2464-D: conversion from a string literal to "char *" is deprecated
         
     1>D:\Program Junkyard\Game\Chess\Chess\chess.cu(285): warning #2464-D: conversion from a string literal to "char *" is deprecated
         
     1>D:\Program Junkyard\Game\Chess\Chess\chess.cu(285): warning #2464-D: conversion from a string literal to "char *" is deprecated
         
     1>D:\Program Junkyard\Game\Chess\Chess\chess.cu(286): warning #2464-D: conversion from a string literal to "char *" is deprecated
         
     1>D:\Program Junkyard\Game\Chess\Chess\chess.cu(286): warning #2464-D: conversion from a string literal to "char *" is deprecated
         
     1>D:\Program Junkyard\Game\Chess\Chess\chess.cu(286): warning #2464-D: conversion from a string literal to "char *" is deprecated
         
     1>D:\Program Junkyard\Game\Chess\Chess\chess.cu(286): warning #2464-D: conversion from a string literal to "char *" is deprecated
         
     1>D:\Program Junkyard\Game\Chess\Chess\chess.cu(286): warning #2464-D: conversion from a string literal to "char *" is deprecated
         
     1>D:\Program Junkyard\Game\Chess\Chess\chess.cu(286): warning #2464-D: conversion from a string literal to "char *" is deprecated
         
     1>D:\Program Junkyard\Game\Chess\Chess\chess.cu(286): warning #2464-D: conversion from a string literal to "char *" is deprecated
         
     1>D:\Program Junkyard\Game\Chess\Chess\chess.cu(286): warning #2464-D: conversion from a string literal to "char *" is deprecated
         
     1>D:\Program Junkyard\Game\Chess\Chess\chess.cu(287): warning #2464-D: conversion from a string literal to "char *" is deprecated
         
     1>D:\Program Junkyard\Game\Chess\Chess\chess.cu(287): warning #2464-D: conversion from a string literal to "char *" is deprecated
         
     1>D:\Program Junkyard\Game\Chess\Chess\chess.cu(287): warning #2464-D: conversion from a string literal to "char *" is deprecated
         
     1>D:\Program Junkyard\Game\Chess\Chess\chess.cu(287): warning #2464-D: conversion from a string literal to "char *" is deprecated
         
     1>D:\Program Junkyard\Game\Chess\Chess\chess.cu(287): warning #2464-D: conversion from a string literal to "char *" is deprecated
         
     1>D:\Program Junkyard\Game\Chess\Chess\chess.cu(287): warning #2464-D: conversion from a string literal to "char *" is deprecated
         
     1>D:\Program Junkyard\Game\Chess\Chess\chess.cu(287): warning #2464-D: conversion from a string literal to "char *" is deprecated
         
     1>D:\Program Junkyard\Game\Chess\Chess\chess.cu(287): warning #2464-D: conversion from a string literal to "char *" is deprecated
         
     1>D:\Program Junkyard\Game\Chess\Chess\chess.cu(288): warning #2464-D: conversion from a string literal to "char *" is deprecated
         
     1>D:\Program Junkyard\Game\Chess\Chess\chess.cu(288): warning #2464-D: conversion from a string literal to "char *" is deprecated
         
     1>D:\Program Junkyard\Game\Chess\Chess\chess.cu(288): warning #2464-D: conversion from a string literal to "char *" is deprecated
         
     1>D:\Program Junkyard\Game\Chess\Chess\chess.cu(288): warning #2464-D: conversion from a string literal to "char *" is deprecated
         
     1>D:\Program Junkyard\Game\Chess\Chess\chess.cu(288): warning #2464-D: conversion from a string literal to "char *" is deprecated
         
     1>D:\Program Junkyard\Game\Chess\Chess\chess.cu(288): warning #2464-D: conversion from a string literal to "char *" is deprecated
         
     1>D:\Program Junkyard\Game\Chess\Chess\chess.cu(288): warning #2464-D: conversion from a string literal to "char *" is deprecated
         
     1>D:\Program Junkyard\Game\Chess\Chess\chess.cu(288): warning #2464-D: conversion from a string literal to "char *" is deprecated
         
     1>D:\Program Junkyard\Game\Chess\Chess\chess.cu(289): warning #2464-D: conversion from a string literal to "char *" is deprecated
         
     1>D:\Program Junkyard\Game\Chess\Chess\chess.cu(289): warning #2464-D: conversion from a string literal to "char *" is deprecated
         
     1>D:\Program Junkyard\Game\Chess\Chess\chess.cu(289): warning #2464-D: conversion from a string literal to "char *" is deprecated
         
     1>D:\Program Junkyard\Game\Chess\Chess\chess.cu(289): warning #2464-D: conversion from a string literal to "char *" is deprecated
         
     1>D:\Program Junkyard\Game\Chess\Chess\chess.cu(289): warning #2464-D: conversion from a string literal to "char *" is deprecated
         
     1>D:\Program Junkyard\Game\Chess\Chess\chess.cu(289): warning #2464-D: conversion from a string literal to "char *" is deprecated
         
     1>D:\Program Junkyard\Game\Chess\Chess\chess.cu(289): warning #2464-D: conversion from a string literal to "char *" is deprecated
         
     1>D:\Program Junkyard\Game\Chess\Chess\chess.cu(289): warning #2464-D: conversion from a string literal to "char *" is deprecated
         
     1>D:\Program Junkyard\Game\Chess\Chess\chess.cu(290): warning #2464-D: conversion from a string literal to "char *" is deprecated
         
     1>D:\Program Junkyard\Game\Chess\Chess\chess.cu(290): warning #2464-D: conversion from a string literal to "char *" is deprecated
         
     1>D:\Program Junkyard\Game\Chess\Chess\chess.cu(290): warning #2464-D: conversion from a string literal to "char *" is deprecated
         
     1>D:\Program Junkyard\Game\Chess\Chess\chess.cu(290): warning #2464-D: conversion from a string literal to "char *" is deprecated
         
     1>D:\Program Junkyard\Game\Chess\Chess\chess.cu(290): warning #2464-D: conversion from a string literal to "char *" is deprecated
         
     1>D:\Program Junkyard\Game\Chess\Chess\chess.cu(290): warning #2464-D: conversion from a string literal to "char *" is deprecated
         
     1>D:\Program Junkyard\Game\Chess\Chess\chess.cu(290): warning #2464-D: conversion from a string literal to "char *" is deprecated
         
     1>D:\Program Junkyard\Game\Chess\Chess\chess.cu(290): warning #2464-D: conversion from a string literal to "char *" is deprecated
         
         chess.cu
     1>D:\Program Junkyard\Game\Chess\Chess\chess.cu(490): warning C4244: 'initializing': conversion from '__int64' to 'int', possible loss of data
     1>D:\Program Junkyard\Game\Chess\Chess\chess.cu(495): warning C4244: 'initializing': conversion from '__int64' to 'int', possible loss of data
     1>D:\Program Junkyard\Game\Chess\Chess\chess.cu(506): warning C4244: 'initializing': conversion from '__int64' to 'int', possible loss of data
     1>D:\Program Junkyard\Game\Chess\Chess\chess.cu(513): warning C4244: 'initializing': conversion from '__int64' to 'int', possible loss of data
     1>D:\Program Junkyard\Game\Chess\Chess\chess.cu(703): warning C4244: '=': conversion from '__int64' to 'int', possible loss of data
     1>D:\Program Junkyard\Game\Chess\Chess\chess.cu(861): warning C4244: '=': conversion from '__int64' to 'int', possible loss of data
     1>D:\Program Junkyard\Game\Chess\Chess\chess.cu(867): warning C4244: '=': conversion from '__int64' to 'int', possible loss of data
     1>Done Building Project "D:\Program Junkyard\Game\Chess\Chess\Chess.vcxproj" (CudaBuildCore target(s)).
     1>CudaLink:
         cmd.exe /C "C:\Users\migat\AppData\Local\Temp\tmp7a969cec315e4d2d83af0e577cec597e.cmd"
         "C:\Program Files\NVIDIA GPU Computing Toolkit\CUDA\v11.6\bin\nvcc.exe" -dlink -o x64\Debug\Chess.device-link.obj -Xcompiler "/EHsc /W3 /nologo /Od /Fdx64\Debug\vc143.pdb /Zi /RTC1 /MDd " -L"C:\Program Files\NVIDIA GPU Computing Toolkit\CUDA\v11.6\bin/crt" -L"C:\Program Files\NVIDIA GPU Computing Toolkit\CUDA\v11.6\lib\x64" cudavert.lib cudart_static.lib kernel32.lib user32.lib gdi32.lib winspool.lib comdlg32.lib advapi32.lib shell32.lib ole32.lib oleaut32.lib uuid.lib odbc32.lib odbccp32.lib cudart.lib cudadevrt.lib  -gencode=arch=compute_52,code=sm_52 -G --machine 64 "D:\Program Junkyard\Game\Chess\Chess\x64\Debug\board.cu.obj" "D:\Program Junkyard\Game\Chess\Chess\x64\Debug\state.cu.obj" "D:\Program Junkyard\Game\Chess\Chess\x64\Debug\chess.cu.obj"
         
         D:\Program Junkyard\Game\Chess\Chess>"C:\Program Files\NVIDIA GPU Computing Toolkit\CUDA\v11.6\bin\nvcc.exe" -dlink -o x64\Debug\Chess.device-link.obj -Xcompiler "/EHsc /W3 /nologo /Od /Fdx64\Debug\vc143.pdb /Zi /RTC1 /MDd " -L"C:\Program Files\NVIDIA GPU Computing Toolkit\CUDA\v11.6\bin/crt" -L"C:\Program Files\NVIDIA GPU Computing Toolkit\CUDA\v11.6\lib\x64" cudavert.lib cudart_static.lib kernel32.lib user32.lib gdi32.lib winspool.lib comdlg32.lib advapi32.lib shell32.lib ole32.lib oleaut32.lib uuid.lib odbc32.lib odbccp32.lib cudart.lib cudadevrt.lib  -gencode=arch=compute_52,code=sm_52 -G --machine 64 "D:\Program Junkyard\Game\Chess\Chess\x64\Debug\board.cu.obj" "D:\Program Junkyard\Game\Chess\Chess\x64\Debug\state.cu.obj" "D:\Program Junkyard\Game\Chess\Chess\x64\Debug\chess.cu.obj" 
     1>CUDALINK : nvlink warning : Stack size for entry function '_Z11distributorP5statePPc' cannot be statically determined
     1>CUDALINK : nvlink warning : Stack size for entry function '_Z6masterP5statei' cannot be statically determined
         cudavert.lib
         cudart_static.lib
         kernel32.lib
         user32.lib
         gdi32.lib
         winspool.lib
         comdlg32.lib
         advapi32.lib
         shell32.lib
         ole32.lib
         oleaut32.lib
         uuid.lib
         odbc32.lib
         odbccp32.lib
         cudart.lib
         cudadevrt.lib
         board.cu.obj
         state.cu.obj
         chess.cu.obj
       Link:
         C:\Program Files\Microsoft Visual Studio\2022\Community\VC\Tools\MSVC\14.32.31326\bin\HostX64\x64\link.exe /ERRORREPORT:PROMPT /OUT:"D:\Program Junkyard\Game\Chess\x64\Debug\Chess.exe" /INCREMENTAL /ILK:"x64\Debug\Chess.ilk" /NOLOGO /LIBPATH:"C:\Program Files\NVIDIA GPU Computing Toolkit\CUDA\v11.6\lib\x64" cudart_static.lib kernel32.lib user32.lib gdi32.lib winspool.lib comdlg32.lib advapi32.lib shell32.lib ole32.lib oleaut32.lib uuid.lib odbc32.lib odbccp32.lib kernel32.lib user32.lib gdi32.lib winspool.lib comdlg32.lib advapi32.lib shell32.lib ole32.lib oleaut32.lib uuid.lib odbc32.lib odbccp32.lib cudart.lib cudadevrt.lib /MANIFEST /MANIFESTUAC:"level='asInvoker' uiAccess='false'" /manifest:embed /DEBUG /PDB:"D:\Program Junkyard\Game\Chess\x64\Debug\Chess.pdb" /SUBSYSTEM:CONSOLE /TLBID:1 /DYNAMICBASE /NXCOMPAT /IMPLIB:"D:\Program Junkyard\Game\Chess\x64\Debug\Chess.lib" /MACHINE:X64 "D:\Program Junkyard\Game\Chess\Chess\x64\Debug\board.cu.obj"
         "D:\Program Junkyard\Game\Chess\Chess\x64\Debug\state.cu.obj"
         "D:\Program Junkyard\Game\Chess\Chess\x64\Debug\chess.cu.obj"
         "x64\Debug\Chess.device-link.obj"
         Chess.vcxproj -> D:\Program Junkyard\Game\Chess\x64\Debug\Chess.exe
       FinalizeBuildStatus:
         Deleting file "x64\Debug\Chess.tlog\unsuccessfulbuild".
         Touching "x64\Debug\Chess.tlog\Chess.lastbuildstate".
     1>Done Building Project "D:\Program Junkyard\Game\Chess\Chess\Chess.vcxproj" (Build target(s)).

Build succeeded.

       "D:\Program Junkyard\Game\Chess\Chess\Chess.vcxproj" (Build target) (1) ->
       "D:\Program Junkyard\Game\Chess\Chess\Chess.vcxproj" (CudaBuildCore target) (1:4) ->
       (CudaBuildCore target) -> 
         D:\Program Junkyard\Game\Chess\Chess\chess.cu(283): warning #2464-D: conversion from a string literal to "char *" is deprecated
         D:\Program Junkyard\Game\Chess\Chess\chess.cu(283): warning #2464-D: conversion from a string literal to "char *" is deprecated
         D:\Program Junkyard\Game\Chess\Chess\chess.cu(283): warning #2464-D: conversion from a string literal to "char *" is deprecated
         D:\Program Junkyard\Game\Chess\Chess\chess.cu(283): warning #2464-D: conversion from a string literal to "char *" is deprecated
         D:\Program Junkyard\Game\Chess\Chess\chess.cu(283): warning #2464-D: conversion from a string literal to "char *" is deprecated
         D:\Program Junkyard\Game\Chess\Chess\chess.cu(283): warning #2464-D: conversion from a string literal to "char *" is deprecated
         D:\Program Junkyard\Game\Chess\Chess\chess.cu(283): warning #2464-D: conversion from a string literal to "char *" is deprecated
         D:\Program Junkyard\Game\Chess\Chess\chess.cu(283): warning #2464-D: conversion from a string literal to "char *" is deprecated
         D:\Program Junkyard\Game\Chess\Chess\chess.cu(284): warning #2464-D: conversion from a string literal to "char *" is deprecated
         D:\Program Junkyard\Game\Chess\Chess\chess.cu(284): warning #2464-D: conversion from a string literal to "char *" is deprecated
         D:\Program Junkyard\Game\Chess\Chess\chess.cu(284): warning #2464-D: conversion from a string literal to "char *" is deprecated
         D:\Program Junkyard\Game\Chess\Chess\chess.cu(284): warning #2464-D: conversion from a string literal to "char *" is deprecated
         D:\Program Junkyard\Game\Chess\Chess\chess.cu(284): warning #2464-D: conversion from a string literal to "char *" is deprecated
         D:\Program Junkyard\Game\Chess\Chess\chess.cu(284): warning #2464-D: conversion from a string literal to "char *" is deprecated
         D:\Program Junkyard\Game\Chess\Chess\chess.cu(284): warning #2464-D: conversion from a string literal to "char *" is deprecated
         D:\Program Junkyard\Game\Chess\Chess\chess.cu(284): warning #2464-D: conversion from a string literal to "char *" is deprecated
         D:\Program Junkyard\Game\Chess\Chess\chess.cu(285): warning #2464-D: conversion from a string literal to "char *" is deprecated
         D:\Program Junkyard\Game\Chess\Chess\chess.cu(285): warning #2464-D: conversion from a string literal to "char *" is deprecated
         D:\Program Junkyard\Game\Chess\Chess\chess.cu(285): warning #2464-D: conversion from a string literal to "char *" is deprecated
         D:\Program Junkyard\Game\Chess\Chess\chess.cu(285): warning #2464-D: conversion from a string literal to "char *" is deprecated
         D:\Program Junkyard\Game\Chess\Chess\chess.cu(285): warning #2464-D: conversion from a string literal to "char *" is deprecated
         D:\Program Junkyard\Game\Chess\Chess\chess.cu(285): warning #2464-D: conversion from a string literal to "char *" is deprecated
         D:\Program Junkyard\Game\Chess\Chess\chess.cu(285): warning #2464-D: conversion from a string literal to "char *" is deprecated
         D:\Program Junkyard\Game\Chess\Chess\chess.cu(285): warning #2464-D: conversion from a string literal to "char *" is deprecated
         D:\Program Junkyard\Game\Chess\Chess\chess.cu(286): warning #2464-D: conversion from a string literal to "char *" is deprecated
         D:\Program Junkyard\Game\Chess\Chess\chess.cu(286): warning #2464-D: conversion from a string literal to "char *" is deprecated
         D:\Program Junkyard\Game\Chess\Chess\chess.cu(286): warning #2464-D: conversion from a string literal to "char *" is deprecated
         D:\Program Junkyard\Game\Chess\Chess\chess.cu(286): warning #2464-D: conversion from a string literal to "char *" is deprecated
         D:\Program Junkyard\Game\Chess\Chess\chess.cu(286): warning #2464-D: conversion from a string literal to "char *" is deprecated
         D:\Program Junkyard\Game\Chess\Chess\chess.cu(286): warning #2464-D: conversion from a string literal to "char *" is deprecated
         D:\Program Junkyard\Game\Chess\Chess\chess.cu(286): warning #2464-D: conversion from a string literal to "char *" is deprecated
         D:\Program Junkyard\Game\Chess\Chess\chess.cu(286): warning #2464-D: conversion from a string literal to "char *" is deprecated
         D:\Program Junkyard\Game\Chess\Chess\chess.cu(287): warning #2464-D: conversion from a string literal to "char *" is deprecated
         D:\Program Junkyard\Game\Chess\Chess\chess.cu(287): warning #2464-D: conversion from a string literal to "char *" is deprecated
         D:\Program Junkyard\Game\Chess\Chess\chess.cu(287): warning #2464-D: conversion from a string literal to "char *" is deprecated
         D:\Program Junkyard\Game\Chess\Chess\chess.cu(287): warning #2464-D: conversion from a string literal to "char *" is deprecated
         D:\Program Junkyard\Game\Chess\Chess\chess.cu(287): warning #2464-D: conversion from a string literal to "char *" is deprecated
         D:\Program Junkyard\Game\Chess\Chess\chess.cu(287): warning #2464-D: conversion from a string literal to "char *" is deprecated
         D:\Program Junkyard\Game\Chess\Chess\chess.cu(287): warning #2464-D: conversion from a string literal to "char *" is deprecated
         D:\Program Junkyard\Game\Chess\Chess\chess.cu(287): warning #2464-D: conversion from a string literal to "char *" is deprecated
         D:\Program Junkyard\Game\Chess\Chess\chess.cu(288): warning #2464-D: conversion from a string literal to "char *" is deprecated
         D:\Program Junkyard\Game\Chess\Chess\chess.cu(288): warning #2464-D: conversion from a string literal to "char *" is deprecated
         D:\Program Junkyard\Game\Chess\Chess\chess.cu(288): warning #2464-D: conversion from a string literal to "char *" is deprecated
         D:\Program Junkyard\Game\Chess\Chess\chess.cu(288): warning #2464-D: conversion from a string literal to "char *" is deprecated
         D:\Program Junkyard\Game\Chess\Chess\chess.cu(288): warning #2464-D: conversion from a string literal to "char *" is deprecated
         D:\Program Junkyard\Game\Chess\Chess\chess.cu(288): warning #2464-D: conversion from a string literal to "char *" is deprecated
         D:\Program Junkyard\Game\Chess\Chess\chess.cu(288): warning #2464-D: conversion from a string literal to "char *" is deprecated
         D:\Program Junkyard\Game\Chess\Chess\chess.cu(288): warning #2464-D: conversion from a string literal to "char *" is deprecated
         D:\Program Junkyard\Game\Chess\Chess\chess.cu(289): warning #2464-D: conversion from a string literal to "char *" is deprecated
         D:\Program Junkyard\Game\Chess\Chess\chess.cu(289): warning #2464-D: conversion from a string literal to "char *" is deprecated
         D:\Program Junkyard\Game\Chess\Chess\chess.cu(289): warning #2464-D: conversion from a string literal to "char *" is deprecated
         D:\Program Junkyard\Game\Chess\Chess\chess.cu(289): warning #2464-D: conversion from a string literal to "char *" is deprecated
         D:\Program Junkyard\Game\Chess\Chess\chess.cu(289): warning #2464-D: conversion from a string literal to "char *" is deprecated
         D:\Program Junkyard\Game\Chess\Chess\chess.cu(289): warning #2464-D: conversion from a string literal to "char *" is deprecated
         D:\Program Junkyard\Game\Chess\Chess\chess.cu(289): warning #2464-D: conversion from a string literal to "char *" is deprecated
         D:\Program Junkyard\Game\Chess\Chess\chess.cu(289): warning #2464-D: conversion from a string literal to "char *" is deprecated
         D:\Program Junkyard\Game\Chess\Chess\chess.cu(290): warning #2464-D: conversion from a string literal to "char *" is deprecated
         D:\Program Junkyard\Game\Chess\Chess\chess.cu(290): warning #2464-D: conversion from a string literal to "char *" is deprecated
         D:\Program Junkyard\Game\Chess\Chess\chess.cu(290): warning #2464-D: conversion from a string literal to "char *" is deprecated
         D:\Program Junkyard\Game\Chess\Chess\chess.cu(290): warning #2464-D: conversion from a string literal to "char *" is deprecated
         D:\Program Junkyard\Game\Chess\Chess\chess.cu(290): warning #2464-D: conversion from a string literal to "char *" is deprecated
         D:\Program Junkyard\Game\Chess\Chess\chess.cu(290): warning #2464-D: conversion from a string literal to "char *" is deprecated
         D:\Program Junkyard\Game\Chess\Chess\chess.cu(290): warning #2464-D: conversion from a string literal to "char *" is deprecated
         D:\Program Junkyard\Game\Chess\Chess\chess.cu(290): warning #2464-D: conversion from a string literal to "char *" is deprecated
         D:\Program Junkyard\Game\Chess\Chess\chess.cu(906): warning #550-D: variable "lPieceValues" was set but never used
         D:\Program Junkyard\Game\Chess\Chess\chess.cu(932): warning #550-D: variable "lPieceValues" was set but never used
         D:\Program Junkyard\Game\Chess\Chess\chess.cu(283): warning #2464-D: conversion from a string literal to "char *" is deprecated
         D:\Program Junkyard\Game\Chess\Chess\chess.cu(283): warning #2464-D: conversion from a string literal to "char *" is deprecated
         D:\Program Junkyard\Game\Chess\Chess\chess.cu(283): warning #2464-D: conversion from a string literal to "char *" is deprecated
         D:\Program Junkyard\Game\Chess\Chess\chess.cu(283): warning #2464-D: conversion from a string literal to "char *" is deprecated
         D:\Program Junkyard\Game\Chess\Chess\chess.cu(283): warning #2464-D: conversion from a string literal to "char *" is deprecated
         D:\Program Junkyard\Game\Chess\Chess\chess.cu(283): warning #2464-D: conversion from a string literal to "char *" is deprecated
         D:\Program Junkyard\Game\Chess\Chess\chess.cu(283): warning #2464-D: conversion from a string literal to "char *" is deprecated
         D:\Program Junkyard\Game\Chess\Chess\chess.cu(283): warning #2464-D: conversion from a string literal to "char *" is deprecated
         D:\Program Junkyard\Game\Chess\Chess\chess.cu(284): warning #2464-D: conversion from a string literal to "char *" is deprecated
         D:\Program Junkyard\Game\Chess\Chess\chess.cu(284): warning #2464-D: conversion from a string literal to "char *" is deprecated
         D:\Program Junkyard\Game\Chess\Chess\chess.cu(284): warning #2464-D: conversion from a string literal to "char *" is deprecated
         D:\Program Junkyard\Game\Chess\Chess\chess.cu(284): warning #2464-D: conversion from a string literal to "char *" is deprecated
         D:\Program Junkyard\Game\Chess\Chess\chess.cu(284): warning #2464-D: conversion from a string literal to "char *" is deprecated
         D:\Program Junkyard\Game\Chess\Chess\chess.cu(284): warning #2464-D: conversion from a string literal to "char *" is deprecated
         D:\Program Junkyard\Game\Chess\Chess\chess.cu(284): warning #2464-D: conversion from a string literal to "char *" is deprecated
         D:\Program Junkyard\Game\Chess\Chess\chess.cu(284): warning #2464-D: conversion from a string literal to "char *" is deprecated
         D:\Program Junkyard\Game\Chess\Chess\chess.cu(285): warning #2464-D: conversion from a string literal to "char *" is deprecated
         D:\Program Junkyard\Game\Chess\Chess\chess.cu(285): warning #2464-D: conversion from a string literal to "char *" is deprecated
         D:\Program Junkyard\Game\Chess\Chess\chess.cu(285): warning #2464-D: conversion from a string literal to "char *" is deprecated
         D:\Program Junkyard\Game\Chess\Chess\chess.cu(285): warning #2464-D: conversion from a string literal to "char *" is deprecated
         D:\Program Junkyard\Game\Chess\Chess\chess.cu(285): warning #2464-D: conversion from a string literal to "char *" is deprecated
         D:\Program Junkyard\Game\Chess\Chess\chess.cu(285): warning #2464-D: conversion from a string literal to "char *" is deprecated
         D:\Program Junkyard\Game\Chess\Chess\chess.cu(285): warning #2464-D: conversion from a string literal to "char *" is deprecated
         D:\Program Junkyard\Game\Chess\Chess\chess.cu(285): warning #2464-D: conversion from a string literal to "char *" is deprecated
         D:\Program Junkyard\Game\Chess\Chess\chess.cu(286): warning #2464-D: conversion from a string literal to "char *" is deprecated
         D:\Program Junkyard\Game\Chess\Chess\chess.cu(286): warning #2464-D: conversion from a string literal to "char *" is deprecated
         D:\Program Junkyard\Game\Chess\Chess\chess.cu(286): warning #2464-D: conversion from a string literal to "char *" is deprecated
         D:\Program Junkyard\Game\Chess\Chess\chess.cu(286): warning #2464-D: conversion from a string literal to "char *" is deprecated
         D:\Program Junkyard\Game\Chess\Chess\chess.cu(286): warning #2464-D: conversion from a string literal to "char *" is deprecated
         D:\Program Junkyard\Game\Chess\Chess\chess.cu(286): warning #2464-D: conversion from a string literal to "char *" is deprecated
         D:\Program Junkyard\Game\Chess\Chess\chess.cu(286): warning #2464-D: conversion from a string literal to "char *" is deprecated
         D:\Program Junkyard\Game\Chess\Chess\chess.cu(286): warning #2464-D: conversion from a string literal to "char *" is deprecated
         D:\Program Junkyard\Game\Chess\Chess\chess.cu(287): warning #2464-D: conversion from a string literal to "char *" is deprecated
         D:\Program Junkyard\Game\Chess\Chess\chess.cu(287): warning #2464-D: conversion from a string literal to "char *" is deprecated
         D:\Program Junkyard\Game\Chess\Chess\chess.cu(287): warning #2464-D: conversion from a string literal to "char *" is deprecated
         D:\Program Junkyard\Game\Chess\Chess\chess.cu(287): warning #2464-D: conversion from a string literal to "char *" is deprecated
         D:\Program Junkyard\Game\Chess\Chess\chess.cu(287): warning #2464-D: conversion from a string literal to "char *" is deprecated
         D:\Program Junkyard\Game\Chess\Chess\chess.cu(287): warning #2464-D: conversion from a string literal to "char *" is deprecated
         D:\Program Junkyard\Game\Chess\Chess\chess.cu(287): warning #2464-D: conversion from a string literal to "char *" is deprecated
         D:\Program Junkyard\Game\Chess\Chess\chess.cu(287): warning #2464-D: conversion from a string literal to "char *" is deprecated
         D:\Program Junkyard\Game\Chess\Chess\chess.cu(288): warning #2464-D: conversion from a string literal to "char *" is deprecated
         D:\Program Junkyard\Game\Chess\Chess\chess.cu(288): warning #2464-D: conversion from a string literal to "char *" is deprecated
         D:\Program Junkyard\Game\Chess\Chess\chess.cu(288): warning #2464-D: conversion from a string literal to "char *" is deprecated
         D:\Program Junkyard\Game\Chess\Chess\chess.cu(288): warning #2464-D: conversion from a string literal to "char *" is deprecated
         D:\Program Junkyard\Game\Chess\Chess\chess.cu(288): warning #2464-D: conversion from a string literal to "char *" is deprecated
         D:\Program Junkyard\Game\Chess\Chess\chess.cu(288): warning #2464-D: conversion from a string literal to "char *" is deprecated
         D:\Program Junkyard\Game\Chess\Chess\chess.cu(288): warning #2464-D: conversion from a string literal to "char *" is deprecated
         D:\Program Junkyard\Game\Chess\Chess\chess.cu(288): warning #2464-D: conversion from a string literal to "char *" is deprecated
         D:\Program Junkyard\Game\Chess\Chess\chess.cu(289): warning #2464-D: conversion from a string literal to "char *" is deprecated
         D:\Program Junkyard\Game\Chess\Chess\chess.cu(289): warning #2464-D: conversion from a string literal to "char *" is deprecated
         D:\Program Junkyard\Game\Chess\Chess\chess.cu(289): warning #2464-D: conversion from a string literal to "char *" is deprecated
         D:\Program Junkyard\Game\Chess\Chess\chess.cu(289): warning #2464-D: conversion from a string literal to "char *" is deprecated
         D:\Program Junkyard\Game\Chess\Chess\chess.cu(289): warning #2464-D: conversion from a string literal to "char *" is deprecated
         D:\Program Junkyard\Game\Chess\Chess\chess.cu(289): warning #2464-D: conversion from a string literal to "char *" is deprecated
         D:\Program Junkyard\Game\Chess\Chess\chess.cu(289): warning #2464-D: conversion from a string literal to "char *" is deprecated
         D:\Program Junkyard\Game\Chess\Chess\chess.cu(289): warning #2464-D: conversion from a string literal to "char *" is deprecated
         D:\Program Junkyard\Game\Chess\Chess\chess.cu(290): warning #2464-D: conversion from a string literal to "char *" is deprecated
         D:\Program Junkyard\Game\Chess\Chess\chess.cu(290): warning #2464-D: conversion from a string literal to "char *" is deprecated
         D:\Program Junkyard\Game\Chess\Chess\chess.cu(290): warning #2464-D: conversion from a string literal to "char *" is deprecated
         D:\Program Junkyard\Game\Chess\Chess\chess.cu(290): warning #2464-D: conversion from a string literal to "char *" is deprecated
         D:\Program Junkyard\Game\Chess\Chess\chess.cu(290): warning #2464-D: conversion from a string literal to "char *" is deprecated
         D:\Program Junkyard\Game\Chess\Chess\chess.cu(290): warning #2464-D: conversion from a string literal to "char *" is deprecated
         D:\Program Junkyard\Game\Chess\Chess\chess.cu(290): warning #2464-D: conversion from a string literal to "char *" is deprecated
         D:\Program Junkyard\Game\Chess\Chess\chess.cu(290): warning #2464-D: conversion from a string literal to "char *" is deprecated
         D:\Program Junkyard\Game\Chess\Chess\chess.cu(490): warning C4244: 'initializing': conversion from '__int64' to 'int', possible loss of data
         D:\Program Junkyard\Game\Chess\Chess\chess.cu(495): warning C4244: 'initializing': conversion from '__int64' to 'int', possible loss of data
         D:\Program Junkyard\Game\Chess\Chess\chess.cu(506): warning C4244: 'initializing': conversion from '__int64' to 'int', possible loss of data
         D:\Program Junkyard\Game\Chess\Chess\chess.cu(513): warning C4244: 'initializing': conversion from '__int64' to 'int', possible loss of data
         D:\Program Junkyard\Game\Chess\Chess\chess.cu(703): warning C4244: '=': conversion from '__int64' to 'int', possible loss of data
         D:\Program Junkyard\Game\Chess\Chess\chess.cu(861): warning C4244: '=': conversion from '__int64' to 'int', possible loss of data
         D:\Program Junkyard\Game\Chess\Chess\chess.cu(867): warning C4244: '=': conversion from '__int64' to 'int', possible loss of data


       "D:\Program Junkyard\Game\Chess\Chess\Chess.vcxproj" (Build target) (1) ->
       (CudaLink target) -> 
         CUDALINK : nvlink warning : Stack size for entry function '_Z11distributorP5statePPc' cannot be statically determined
         CUDALINK : nvlink warning : Stack size for entry function '_Z6masterP5statei' cannot be statically determined

    139 Warning(s)
    0 Error(s)

Time Elapsed 00:00:09.18
